^^^
 SUITE1 :: TEST1 : TEST [PASS]
 SUITE1 :: TEST2 : TEST [PASS]
 SUITE1 :: TEST3 : TEST [PASS]
 SUITE1 :: TEST4 : TEST[PASS]
 SUITE1 :: TEST5 : TEST[PASS]
SUITE1 :: TEST6 : TEST[PASS]
auto run .... 
SUITE2 :: TEST1 : TEST[PASS]
 SUITE2 :: TEST2 : TEST[FAIL]
 SUITE2 :: TEST3 : TEST[PASS]
SUITE2 :: TEST4 : TEST[FAIL]
  auto run .... 
SUITE3 :: TEST1 : TEST[FAIL]
 SUITE3 :: TEST2 : TEST[FAIL]
 SUITE3 :: TEST3 : TEST[PASS]
SUITE3 :: TEST4 : TEST[FAIL]
&& ^^

^^^
 SUITE1 :: TEST1 : TEST [PASS]
 SUITE1 :: TEST2 : TEST [PASS]
 SUITE1 :: TEST3 : TEST [PASS]
 SUITE1 :: TEST4 : TEST[PASS]
 SUITE1 :: TEST5 : TEST[PASS]
SUITE1 :: TEST6 : TEST[PASS]
auto run .... 
SUITE2 :: TEST1 : TEST[PASS]
 SUITE2 :: TEST2 : TEST[FAIL]
 SUITE2 :: TEST3 : TEST[PASS]
SUITE2 :: TEST4 : TEST[FAIL]
  auto run .... 
SUITE3 :: TEST1 : TEST[FAIL]
 SUITE3 :: TEST2 : TEST[FAIL]
 SUITE3 :: TEST3 : TEST[PASS]
SUITE3 :: TEST4 : TEST[FAIL]
&& ^^


